[main] D i.g.b.wdm.cache.ResolutionCache - ( Resolution chrome=99 in cache (valid until 09:34:20 01/04/2022 CEST)
[main] D i.g.b.wdm.cache.ResolutionCache - ( Resolution chrome99=99.0.4844.51 in cache (valid until 13:52:41 01/04/2022 CEST)
[main] I i.g.bonigarcia.wdm.WebDriverManager - ( Using chromedriver 99.0.4844.51 (resolved driver for Chrome 99)
[main] D i.g.bonigarcia.wdm.WebDriverManager - ( Driver chromedriver 99.0.4844.51 found in cache
[main] I i.g.bonigarcia.wdm.WebDriverManager - ( Exporting webdriver.chrome.driver as C:\Users\kaczmaa5\.cache\selenium\chromedriver\win32\99.0.4844.51\chromedriver.exe
[main] I BaseData.BaseTest.class - ( ***** Driver is initiated properly *****
[main] I BaseData.BaseTest.class - ( ***** Still before test *****
[main] I BaseData.BaseTest.class - ( ***** Window is correctly maximized *****
[main] I SliderTest.class - ( Tab 'Widgets' is opened
[main] I SliderTest.class - ( Tab 'Slider' is opened
[main] I SliderSteps.class - ( Slide is displayed
[main] I SliderSteps.class - ( clicking right
[main] I SliderSteps.class - ( clicking right
[main] I SliderSteps.class - ( clicking right
[main] I SliderSteps.class - ( clicking right
[main] I SliderSteps.class - ( clicking right
[main] I SliderSteps.class - ( clicking right
[main] I SliderSteps.class - ( clicking right
[main] I SliderSteps.class - ( clicking right
[main] I SliderSteps.class - ( clicking right
[main] I SliderSteps.class - ( clicking right
[main] I SliderSteps.class - ( clicking right
[main] I SliderSteps.class - ( clicking right
[main] I SliderSteps.class - ( clicking right
[main] I SliderSteps.class - ( clicking right
[main] I SliderSteps.class - ( clicking right
[main] I SliderSteps.class - ( clicking right
[main] I SliderSteps.class - ( clicking right
[main] I SliderSteps.class - ( clicking right
[main] I SliderSteps.class - ( clicking right
[main] I SliderSteps.class - ( clicking right
[main] I SliderSteps.class - ( clicking right
[main] I SliderSteps.class - ( clicking right
[main] I SliderSteps.class - ( clicking right
[main] I SliderSteps.class - ( clicking right
[main] I SliderSteps.class - ( clicking right
[main] I SliderSteps.class - ( clicking right
[main] I SliderSteps.class - ( clicking right
[main] I SliderSteps.class - ( clicking right
[main] I SliderSteps.class - ( clicking right
[main] I SliderSteps.class - ( clicking right
[main] I SliderSteps.class - ( clicking right
[main] I SliderSteps.class - ( clicking right
[main] I SliderSteps.class - ( clicking right
[main] I SliderSteps.class - ( clicking right
[main] I SliderSteps.class - ( clicking right
[main] I SliderSteps.class - ( clicking right
[main] I SliderSteps.class - ( clicking right
[main] I SliderSteps.class - ( clicking right
[main] I SliderSteps.class - ( clicking right
[main] I SliderSteps.class - ( clicking right
[main] I SliderSteps.class - ( clicking right
[main] I SliderSteps.class - ( clicking right
[main] I SliderSteps.class - ( clicking right
[main] I SliderSteps.class - ( clicking right
[main] I SliderSteps.class - ( clicking right
[main] I SliderSteps.class - ( clicking right
[main] I SliderSteps.class - ( clicking right
[main] I SliderSteps.class - ( clicking right
[main] I SliderSteps.class - ( clicking right
[main] I SliderSteps.class - ( clicking right
[main] I SliderSteps.class - ( Given value equals50
[main] I SliderSteps.class - ( Given value equals50
[main] I SliderSteps.class - ( Given value equals50
[main] I SliderSteps.class - ( Slide is displayed
[main] I SliderSteps.class - ( clicking right
[main] I SliderSteps.class - ( clicking right
[main] I SliderSteps.class - ( clicking right
[main] I SliderSteps.class - ( clicking right
[main] I SliderSteps.class - ( clicking right
[main] I SliderSteps.class - ( clicking right
[main] I SliderSteps.class - ( clicking right
[main] I SliderSteps.class - ( clicking right
[main] I SliderSteps.class - ( clicking right
[main] I SliderSteps.class - ( clicking right
[main] I SliderSteps.class - ( clicking right
[main] I SliderSteps.class - ( clicking right
[main] I SliderSteps.class - ( clicking right
[main] I SliderSteps.class - ( clicking right
[main] I SliderSteps.class - ( clicking right
[main] I SliderSteps.class - ( clicking right
[main] I SliderSteps.class - ( clicking right
[main] I SliderSteps.class - ( clicking right
[main] I SliderSteps.class - ( clicking right
[main] I SliderSteps.class - ( clicking right
[main] I SliderSteps.class - ( clicking right
[main] I SliderSteps.class - ( clicking right
[main] I SliderSteps.class - ( clicking right
[main] I SliderSteps.class - ( clicking right
[main] I SliderSteps.class - ( clicking right
[main] I SliderSteps.class - ( clicking right
[main] I SliderSteps.class - ( clicking right
[main] I SliderSteps.class - ( clicking right
[main] I SliderSteps.class - ( clicking right
[main] I SliderSteps.class - ( clicking right
[main] I SliderSteps.class - ( Given value equals80
[main] I SliderSteps.class - ( Given value equals80
[main] I SliderSteps.class - ( Given value equals80
[main] I SliderSteps.class - ( Slide is displayed
[main] I SliderSteps.class - ( Given value equals80
[main] I SliderSteps.class - ( Given value equals80
[main] I SliderSteps.class - ( Given value equals80
[main] I SliderSteps.class - ( Slide is displayed
[main] I BaseData.BaseTest.class - ( ***** Window is correctly closed *****
