[main] D i.g.b.wdm.cache.ResolutionCache - ( Resolution chrome=99 in cache (valid until 09:20:09 07/04/2022 CEST)
[main] D i.g.b.wdm.cache.ResolutionCache - ( Resolution chrome99=99.0.4844.51 in cache (valid until 09:01:49 07/04/2022 CEST)
[main] I i.g.bonigarcia.wdm.WebDriverManager - ( Using chromedriver 99.0.4844.51 (resolved driver for Chrome 99)
[main] D i.g.bonigarcia.wdm.WebDriverManager - ( Driver chromedriver 99.0.4844.51 found in cache
[main] I i.g.bonigarcia.wdm.WebDriverManager - ( Exporting webdriver.chrome.driver as C:\Users\kaczmaa5\.cache\selenium\chromedriver\win32\99.0.4844.51\chromedriver.exe
[main] I BaseData.BaseTest.class - ( ***** Driver is initiated properly *****
[main] I BaseData.BaseTest.class - ( ***** Still before test *****
[main] I BaseData.BaseTest.class - ( ***** Window is correctly maximized *****
[main] I SortableTabTest.class - ( ***** Tab 'Interactions' is opened *****
[main] I SortableTabTest.class - ( ***** Tab 'Sortable' is opened *****
[main] I SortableTabSteps.class - ( List before shuffle1
[main] I SortableTabSteps.class - ( List before shuffle2
[main] I SortableTabSteps.class - ( List before shuffle3
[main] I SortableTabSteps.class - ( List before shuffle4
[main] I SortableTabSteps.class - ( List before shuffle5
[main] I SortableTabSteps.class - ( List before shuffle6
[main] I SortableTabSteps.class - ( List before shuffle7
[main] I SortableTabSteps.class - ( List after shuffle2
[main] I SortableTabSteps.class - ( List after shuffle5
[main] I SortableTabSteps.class - ( List after shuffle4
[main] I SortableTabSteps.class - ( List after shuffle1
[main] I SortableTabSteps.class - ( List after shuffle7
[main] I SortableTabSteps.class - ( List after shuffle6
[main] I SortableTabSteps.class - ( List after shuffle3
[main] I SortableTabTest.class - ( ***** Table with numbers is created and shuffled *****
[main] I SortableTabSteps.class - ( Item 1
[main] I SortableTabSteps.class - ( Item 2
[main] I SortableTabSteps.class - ( Item 3
[main] I SortableTabSteps.class - ( Item 4
[main] I SortableTabSteps.class - ( Item 5
[main] I SortableTabSteps.class - ( Item 6
[main] I SortableTabSteps.class - ( Item 7
[main] I SortableTabTest.class - ( ***** List of web elements  is created *****
[main] I BaseData.BaseTest.class - ( ***** Window is correctly closed *****
