[main] D i.g.b.wdm.cache.ResolutionCache - ( Resolution chrome=99 in cache (valid until 13:58:44 01/04/2022 CEST)
[main] D i.g.b.wdm.cache.ResolutionCache - ( Removing resolution chrome99=99.0.4844.51 from cache (expired on Fri Apr 01 13:52:41 CEST 2022)
[main] D o.a.h.c.h.i.c.InternalHttpClient - ( ex-00000001: preparing request execution
[main] D o.a.h.c.h.p.RequestAddCookies - ( Cookie spec selected: strict
[main] D o.a.h.c.h.protocol.RequestAuthCache - ( Auth cache not set in the context
[main] D o.a.h.c.h.impl.classic.ProtocolExec - ( ex-00000001: target auth state: UNCHALLENGED
[main] D o.a.h.c.h.impl.classic.ProtocolExec - ( ex-00000001: proxy auth state: UNCHALLENGED
[main] D o.a.h.c.h.impl.classic.ConnectExec - ( ex-00000001: acquiring connection with route {s}->https://chromedriver.storage.googleapis.com:443
[main] D o.a.h.c.h.i.c.InternalHttpClient - ( ex-00000001: acquiring endpoint (3 MINUTES)
[main] D o.a.h.c.h.i.i.PoolingHttpClientConnectionManager - ( ex-00000001: endpoint lease request (3 MINUTES) [route: {s}->https://chromedriver.storage.googleapis.com:443][total available: 0; route allocated: 0 of 5; total allocated: 0 of 25]
[main] D o.a.h.c.h.i.i.PoolingHttpClientConnectionManager - ( ex-00000001: endpoint leased [route: {s}->https://chromedriver.storage.googleapis.com:443][total available: 0; route allocated: 1 of 5; total allocated: 1 of 25]
[main] D o.a.h.c.h.i.i.PoolingHttpClientConnectionManager - ( ex-00000001: acquired ep-00000000
[main] D o.a.h.c.h.i.c.InternalHttpClient - ( ex-00000001: acquired endpoint ep-00000000
[main] D o.a.h.c.h.impl.classic.ConnectExec - ( ex-00000001: opening connection {s}->https://chromedriver.storage.googleapis.com:443
[main] D o.a.h.c.h.i.c.InternalHttpClient - ( ep-00000000: connecting endpoint (30 SECONDS)
[main] D o.a.h.c.h.i.i.PoolingHttpClientConnectionManager - ( ep-00000000: connecting endpoint to https://chromedriver.storage.googleapis.com:443 (30 SECONDS)
[main] D o.a.h.c.h.i.i.DefaultHttpClientConnectionOperator - ( http-outgoing-0: connecting to chromedriver.storage.googleapis.com/216.58.208.208:443
[main] D o.a.h.c.h.s.SSLConnectionSocketFactory - ( Connecting socket to chromedriver.storage.googleapis.com/216.58.208.208:443 with timeout 30 SECONDS
[main] D o.a.h.c.h.s.SSLConnectionSocketFactory - ( Enabled protocols: [TLSv1.3, TLSv1.2]
[main] D o.a.h.c.h.s.SSLConnectionSocketFactory - ( Enabled cipher suites: [TLS_AES_256_GCM_SHA384, TLS_AES_128_GCM_SHA256, TLS_ECDHE_ECDSA_WITH_AES_256_GCM_SHA384, TLS_ECDHE_ECDSA_WITH_AES_128_GCM_SHA256, TLS_ECDHE_RSA_WITH_AES_256_GCM_SHA384, TLS_ECDHE_RSA_WITH_AES_128_GCM_SHA256, TLS_DHE_RSA_WITH_AES_256_GCM_SHA384, TLS_DHE_DSS_WITH_AES_256_GCM_SHA384, TLS_DHE_RSA_WITH_AES_128_GCM_SHA256, TLS_DHE_DSS_WITH_AES_128_GCM_SHA256, TLS_ECDHE_ECDSA_WITH_AES_256_CBC_SHA384, TLS_ECDHE_RSA_WITH_AES_256_CBC_SHA384, TLS_ECDHE_ECDSA_WITH_AES_128_CBC_SHA256, TLS_ECDHE_RSA_WITH_AES_128_CBC_SHA256, TLS_DHE_RSA_WITH_AES_256_CBC_SHA256, TLS_DHE_DSS_WITH_AES_256_CBC_SHA256, TLS_DHE_RSA_WITH_AES_128_CBC_SHA256, TLS_DHE_DSS_WITH_AES_128_CBC_SHA256, TLS_ECDH_ECDSA_WITH_AES_256_GCM_SHA384, TLS_ECDH_RSA_WITH_AES_256_GCM_SHA384, TLS_ECDH_ECDSA_WITH_AES_128_GCM_SHA256, TLS_ECDH_RSA_WITH_AES_128_GCM_SHA256, TLS_ECDH_ECDSA_WITH_AES_256_CBC_SHA384, TLS_ECDH_RSA_WITH_AES_256_CBC_SHA384, TLS_ECDH_ECDSA_WITH_AES_128_CBC_SHA256, TLS_ECDH_RSA_WITH_AES_128_CBC_SHA256, TLS_ECDHE_ECDSA_WITH_AES_256_CBC_SHA, TLS_ECDHE_RSA_WITH_AES_256_CBC_SHA, TLS_ECDHE_ECDSA_WITH_AES_128_CBC_SHA, TLS_ECDHE_RSA_WITH_AES_128_CBC_SHA, TLS_DHE_RSA_WITH_AES_256_CBC_SHA, TLS_DHE_DSS_WITH_AES_256_CBC_SHA, TLS_DHE_RSA_WITH_AES_128_CBC_SHA, TLS_DHE_DSS_WITH_AES_128_CBC_SHA, TLS_ECDH_ECDSA_WITH_AES_256_CBC_SHA, TLS_ECDH_RSA_WITH_AES_256_CBC_SHA, TLS_ECDH_ECDSA_WITH_AES_128_CBC_SHA, TLS_ECDH_RSA_WITH_AES_128_CBC_SHA, TLS_RSA_WITH_AES_256_GCM_SHA384, TLS_RSA_WITH_AES_128_GCM_SHA256, TLS_RSA_WITH_AES_256_CBC_SHA256, TLS_RSA_WITH_AES_128_CBC_SHA256, TLS_RSA_WITH_AES_256_CBC_SHA, TLS_RSA_WITH_AES_128_CBC_SHA, TLS_EMPTY_RENEGOTIATION_INFO_SCSV]
[main] D o.a.h.c.h.s.SSLConnectionSocketFactory - ( Starting handshake
[main] D o.a.h.c.h.s.SSLConnectionSocketFactory - ( Secure session established
[main] D o.a.h.c.h.s.SSLConnectionSocketFactory - (  negotiated protocol: TLSv1.3
[main] D o.a.h.c.h.s.SSLConnectionSocketFactory - (  negotiated cipher suite: TLS_AES_256_GCM_SHA384
[main] D o.a.h.c.h.s.SSLConnectionSocketFactory - (  peer principal: CN=*.storage.googleapis.com
[main] D o.a.h.c.h.s.SSLConnectionSocketFactory - (  peer alternative names: [*.storage.googleapis.com, *.googleapis.com, commondatastorage.googleapis.com, *.commondatastorage.googleapis.com, storage.googleapis.com, storage.mtls.googleapis.com, *.appspot.com.storage.googleapis.com, *.content-storage.googleapis.com, *.content-storage-p2.googleapis.com, *.content-storage-upload.googleapis.com, *.content-storage-download.googleapis.com, *.storage-upload.googleapis.com, *.storage-download.googleapis.com]
[main] D o.a.h.c.h.s.SSLConnectionSocketFactory - (  issuer principal: CN=GTS CA 1C3, O=Google Trust Services LLC, C=US
[main] D o.a.h.c.h.i.i.DefaultHttpClientConnectionOperator - ( http-outgoing-0: connection established 192.168.0.196:62707<->216.58.208.208:443
[main] D o.a.h.c.h.i.i.PoolingHttpClientConnectionManager - ( ep-00000000: connected http-outgoing-0
[main] D o.a.h.c.h.i.c.InternalHttpClient - ( ep-00000000: endpoint connected
[main] D o.a.h.c.h.i.classic.MainClientExec - ( ex-00000001: executing GET /LATEST_RELEASE_99 HTTP/1.1
[main] D o.a.h.c.h.i.c.InternalHttpClient - ( ep-00000000: start execution ex-00000001
[main] D o.a.h.c.h.i.i.PoolingHttpClientConnectionManager - ( ep-00000000: executing exchange ex-00000001 over http-outgoing-0
[main] D org.apache.hc.client5.http.headers - ( http-outgoing-0 >> GET /LATEST_RELEASE_99 HTTP/1.1
[main] D org.apache.hc.client5.http.headers - ( http-outgoing-0 >> user-agent: Apache-HttpClient/5.0
[main] D org.apache.hc.client5.http.headers - ( http-outgoing-0 >> accept-encoding: gzip, deflate, br
[main] D org.apache.hc.client5.http.headers - ( http-outgoing-0 >> cache-control: max-age=0
[main] D org.apache.hc.client5.http.headers - ( http-outgoing-0 >> connection: keep-alive
[main] D org.apache.hc.client5.http.headers - ( http-outgoing-0 >> Host: chromedriver.storage.googleapis.com
[main] D org.apache.hc.client5.http.wire - ( http-outgoing-0 >> "GET /LATEST_RELEASE_99 HTTP/1.1[\r][\n]"
[main] D org.apache.hc.client5.http.wire - ( http-outgoing-0 >> "user-agent: Apache-HttpClient/5.0[\r][\n]"
[main] D org.apache.hc.client5.http.wire - ( http-outgoing-0 >> "accept-encoding: gzip, deflate, br[\r][\n]"
[main] D org.apache.hc.client5.http.wire - ( http-outgoing-0 >> "cache-control: max-age=0[\r][\n]"
[main] D org.apache.hc.client5.http.wire - ( http-outgoing-0 >> "connection: keep-alive[\r][\n]"
[main] D org.apache.hc.client5.http.wire - ( http-outgoing-0 >> "Host: chromedriver.storage.googleapis.com[\r][\n]"
[main] D org.apache.hc.client5.http.wire - ( http-outgoing-0 >> "[\r][\n]"
[main] D org.apache.hc.client5.http.wire - ( http-outgoing-0 << "HTTP/1.1 200 OK[\r][\n]"
[main] D org.apache.hc.client5.http.wire - ( http-outgoing-0 << "X-GUploader-UploadID: ADPycdsGNRzvvaFV8cSeqBykFHoXbBd6z41J1MdLdFVDjNg-khnyj9OZ0YcrUCLzR4h24Tgd3C7PawggHvdsu5swySJXl2eqRM61[\r][\n]"
[main] D org.apache.hc.client5.http.wire - ( http-outgoing-0 << "x-goog-generation: 1646210848479726[\r][\n]"
[main] D org.apache.hc.client5.http.wire - ( http-outgoing-0 << "x-goog-metageneration: 1[\r][\n]"
[main] D org.apache.hc.client5.http.wire - ( http-outgoing-0 << "x-goog-stored-content-encoding: identity[\r][\n]"
[main] D org.apache.hc.client5.http.wire - ( http-outgoing-0 << "x-goog-stored-content-length: 12[\r][\n]"
[main] D org.apache.hc.client5.http.wire - ( http-outgoing-0 << "x-goog-hash: crc32c=Lj2NLg==[\r][\n]"
[main] D org.apache.hc.client5.http.wire - ( http-outgoing-0 << "x-goog-hash: md5=Z/qEuMM9j6NEqCCddfA6bw==[\r][\n]"
[main] D org.apache.hc.client5.http.wire - ( http-outgoing-0 << "x-goog-storage-class: STANDARD[\r][\n]"
[main] D org.apache.hc.client5.http.wire - ( http-outgoing-0 << "Accept-Ranges: bytes[\r][\n]"
[main] D org.apache.hc.client5.http.wire - ( http-outgoing-0 << "Content-Length: 12[\r][\n]"
[main] D org.apache.hc.client5.http.wire - ( http-outgoing-0 << "Server: UploadServer[\r][\n]"
[main] D org.apache.hc.client5.http.wire - ( http-outgoing-0 << "Date: Fri, 01 Apr 2022 11:16:13 GMT[\r][\n]"
[main] D org.apache.hc.client5.http.wire - ( http-outgoing-0 << "Expires: Fri, 01 Apr 2022 12:16:13 GMT[\r][\n]"
[main] D org.apache.hc.client5.http.wire - ( http-outgoing-0 << "Cache-Control: public, max-age=3600[\r][\n]"
[main] D org.apache.hc.client5.http.wire - ( http-outgoing-0 << "Age: 2233[\r][\n]"
[main] D org.apache.hc.client5.http.wire - ( http-outgoing-0 << "Last-Modified: Wed, 02 Mar 2022 08:47:28 GMT[\r][\n]"
[main] D org.apache.hc.client5.http.wire - ( http-outgoing-0 << "ETag: "67fa84b8c33d8fa344a8209d75f03a6f"[\r][\n]"
[main] D org.apache.hc.client5.http.wire - ( http-outgoing-0 << "Content-Type: text/plain[\r][\n]"
[main] D org.apache.hc.client5.http.wire - ( http-outgoing-0 << "Alt-Svc: h3=":443"; ma=2592000,h3-29=":443"; ma=2592000,h3-Q050=":443"; ma=2592000,h3-Q046=":443"; ma=2592000,h3-Q043=":443"; ma=2592000,quic=":443"; ma=2592000; v="46,43"[\r][\n]"
[main] D org.apache.hc.client5.http.wire - ( http-outgoing-0 << "[\r][\n]"
[main] D org.apache.hc.client5.http.wire - ( http-outgoing-0 << "99.0.4844.51"
[main] D org.apache.hc.client5.http.headers - ( http-outgoing-0 << HTTP/1.1 200 OK
[main] D org.apache.hc.client5.http.headers - ( http-outgoing-0 << X-GUploader-UploadID: ADPycdsGNRzvvaFV8cSeqBykFHoXbBd6z41J1MdLdFVDjNg-khnyj9OZ0YcrUCLzR4h24Tgd3C7PawggHvdsu5swySJXl2eqRM61
[main] D org.apache.hc.client5.http.headers - ( http-outgoing-0 << x-goog-generation: 1646210848479726
[main] D org.apache.hc.client5.http.headers - ( http-outgoing-0 << x-goog-metageneration: 1
[main] D org.apache.hc.client5.http.headers - ( http-outgoing-0 << x-goog-stored-content-encoding: identity
[main] D org.apache.hc.client5.http.headers - ( http-outgoing-0 << x-goog-stored-content-length: 12
[main] D org.apache.hc.client5.http.headers - ( http-outgoing-0 << x-goog-hash: crc32c=Lj2NLg==
[main] D org.apache.hc.client5.http.headers - ( http-outgoing-0 << x-goog-hash: md5=Z/qEuMM9j6NEqCCddfA6bw==
[main] D org.apache.hc.client5.http.headers - ( http-outgoing-0 << x-goog-storage-class: STANDARD
[main] D org.apache.hc.client5.http.headers - ( http-outgoing-0 << Accept-Ranges: bytes
[main] D org.apache.hc.client5.http.headers - ( http-outgoing-0 << Content-Length: 12
[main] D org.apache.hc.client5.http.headers - ( http-outgoing-0 << Server: UploadServer
[main] D org.apache.hc.client5.http.headers - ( http-outgoing-0 << Date: Fri, 01 Apr 2022 11:16:13 GMT
[main] D org.apache.hc.client5.http.headers - ( http-outgoing-0 << Expires: Fri, 01 Apr 2022 12:16:13 GMT
[main] D org.apache.hc.client5.http.headers - ( http-outgoing-0 << Cache-Control: public, max-age=3600
[main] D org.apache.hc.client5.http.headers - ( http-outgoing-0 << Age: 2233
[main] D org.apache.hc.client5.http.headers - ( http-outgoing-0 << Last-Modified: Wed, 02 Mar 2022 08:47:28 GMT
[main] D org.apache.hc.client5.http.headers - ( http-outgoing-0 << ETag: "67fa84b8c33d8fa344a8209d75f03a6f"
[main] D org.apache.hc.client5.http.headers - ( http-outgoing-0 << Content-Type: text/plain
[main] D org.apache.hc.client5.http.headers - ( http-outgoing-0 << Alt-Svc: h3=":443"; ma=2592000,h3-29=":443"; ma=2592000,h3-Q050=":443"; ma=2592000,h3-Q046=":443"; ma=2592000,h3-Q043=":443"; ma=2592000,quic=":443"; ma=2592000; v="46,43"
[main] D o.a.h.c.h.i.classic.MainClientExec - ( ex-00000001: connection can be kept alive for 3 MINUTES
[main] D o.a.h.c.h.i.c.InternalHttpClient - ( ep-00000000: releasing valid endpoint
[main] D o.a.h.c.h.i.i.PoolingHttpClientConnectionManager - ( ep-00000000: releasing endpoint
[main] D o.a.h.c.h.i.i.PoolingHttpClientConnectionManager - ( ep-00000000: connection http-outgoing-0 can be kept alive for 3 MINUTES
[main] D o.a.h.c.h.i.i.PoolingHttpClientConnectionManager - ( ep-00000000: connection released [route: {s}->https://chromedriver.storage.googleapis.com:443][total available: 1; route allocated: 1 of 5; total allocated: 1 of 25]
[main] D i.g.b.wdm.versions.VersionDetector - ( Latest version of chromedriver according to https://chromedriver.storage.googleapis.com/LATEST_RELEASE_99 is 99.0.4844.51
[main] I i.g.bonigarcia.wdm.WebDriverManager - ( Using chromedriver 99.0.4844.51 (resolved driver for Chrome 99)
[main] D i.g.b.wdm.cache.ResolutionCache - ( Storing resolution chrome99=99.0.4844.51 in cache (valid until 13:53:26 02/04/2022 CEST)
[main] D i.g.bonigarcia.wdm.WebDriverManager - ( Driver chromedriver 99.0.4844.51 found in cache
[main] I i.g.bonigarcia.wdm.WebDriverManager - ( Exporting webdriver.chrome.driver as C:\Users\kaczmaa5\.cache\selenium\chromedriver\win32\99.0.4844.51\chromedriver.exe
[main] I BaseData.BaseTest.class - ( ***** Driver is initiated properly *****
[main] I BaseData.BaseTest.class - ( ***** Still before test *****
[main] I BaseData.BaseTest.class - ( ***** Window is correctly maximized *****
[main] I ResizableTabTest - ( ***** Tab 'Others' is opened *****
[main] I ResizableTabTest - ( ***** Tab 'HighSite' is opened *****
[main] I BaseData.BaseTest.class - ( ***** Window is correctly closed *****
