[main] D i.g.b.wdm.cache.ResolutionCache - ( Resolution chrome=99 in cache (valid until 17:35:20 01/04/2022 CEST)
[main] D i.g.b.wdm.cache.ResolutionCache - ( Resolution chrome99=99.0.4844.51 in cache (valid until 13:53:26 02/04/2022 CEST)
[main] I i.g.bonigarcia.wdm.WebDriverManager - ( Using chromedriver 99.0.4844.51 (resolved driver for Chrome 99)
[main] D i.g.bonigarcia.wdm.WebDriverManager - ( Driver chromedriver 99.0.4844.51 found in cache
[main] I i.g.bonigarcia.wdm.WebDriverManager - ( Exporting webdriver.chrome.driver as C:\Users\kaczmaa5\.cache\selenium\chromedriver\win32\99.0.4844.51\chromedriver.exe
[main] I BaseData.BaseTest.class - ( ***** Driver is initiated properly *****
[main] I BaseData.BaseTest.class - ( ***** Still before test *****
[main] I BaseData.BaseTest.class - ( ***** Window is correctly maximized *****
[main] I AutocompleteTabTest.class - ( ***** Tab 'Widgets' is opened *****
[main] I AutocompleteTabTest.class - ( ***** Tab 'Autocomplete' is opened *****
[main] I AutocompleteTabSteps - ( a was typed in
[main] I AutocompleteTabSteps - ( [[ChromeDriver: chrome on WINDOWS (a3343aea38bded1b2aa572d4e497a044)] -> css selector: ul#ui-id-1 >li div]
[main] I AutocompleteTabSteps - ( [[ChromeDriver: chrome on WINDOWS (a3343aea38bded1b2aa572d4e497a044)] -> css selector: ul#ui-id-1 >li div]
[main] I AutocompleteTabSteps - ( [[ChromeDriver: chrome on WINDOWS (a3343aea38bded1b2aa572d4e497a044)] -> css selector: ul#ui-id-1 >li div]
[main] I AutocompleteTabSteps - ( [[ChromeDriver: chrome on WINDOWS (a3343aea38bded1b2aa572d4e497a044)] -> css selector: ul#ui-id-1 >li div]
[main] I AutocompleteTabSteps - ( [[ChromeDriver: chrome on WINDOWS (a3343aea38bded1b2aa572d4e497a044)] -> css selector: ul#ui-id-1 >li div]
[main] I AutocompleteTabSteps - ( [[ChromeDriver: chrome on WINDOWS (a3343aea38bded1b2aa572d4e497a044)] -> css selector: ul#ui-id-1 >li div]
[main] I AutocompleteTabSteps - ( [[ChromeDriver: chrome on WINDOWS (a3343aea38bded1b2aa572d4e497a044)] -> css selector: ul#ui-id-1 >li div]
[main] I AutocompleteTabSteps - ( [[ChromeDriver: chrome on WINDOWS (a3343aea38bded1b2aa572d4e497a044)] -> css selector: ul#ui-id-1 >li div]
[main] I AutocompleteTabSteps - ( [[ChromeDriver: chrome on WINDOWS (a3343aea38bded1b2aa572d4e497a044)] -> css selector: ul#ui-id-1 >li div]
[main] I BaseData.BaseTest.class - ( ***** Window is correctly closed *****
