[main] D i.g.b.wdm.cache.ResolutionCache - ( Resolution chrome=99 in cache (valid until 09:41:19 06/04/2022 CEST)
[main] D i.g.b.wdm.cache.ResolutionCache - ( Resolution chrome99=99.0.4844.51 in cache (valid until 09:01:49 07/04/2022 CEST)
[main] I i.g.bonigarcia.wdm.WebDriverManager - ( Using chromedriver 99.0.4844.51 (resolved driver for Chrome 99)
[main] D i.g.bonigarcia.wdm.WebDriverManager - ( Driver chromedriver 99.0.4844.51 found in cache
[main] I i.g.bonigarcia.wdm.WebDriverManager - ( Exporting webdriver.chrome.driver as C:\Users\kaczmaa5\.cache\selenium\chromedriver\win32\99.0.4844.51\chromedriver.exe
[main] I BaseData.BaseTest.class - ( ***** Driver is initiated properly *****
[main] I BaseData.BaseTest.class - ( ***** Still before test *****
[main] I BaseData.BaseTest.class - ( ***** Window is correctly maximized *****
[main] I TableTabTest.class - ( ***** Webside is opened *****
[main] I TableTabTest.class - ( ***** Basic tab is opened *****
[main] I TableTabTest.class - ( ***** Table tab is opened *****
[main] I TableTabSteps.class - ( 4807
[main] I TableTabSteps.class - ( 4634
[main] I TableTabSteps.class - ( 4545
[main] I TableTabSteps.class - ( 4506
[main] I TableTabSteps.class - ( 4578
[main] I TableTabSteps.class - ( 4274
[main] I TableTabSteps.class - ( 4158
[main] I TableTabSteps.class - ( 4102
[main] I TableTabSteps.class - ( 4061
[main] I TableTabSteps.class - ( 3970
[main] I TableTabSteps.class - ( 3841
[main] I TableTabSteps.class - ( 3797
[main] I TableTabSteps.class - ( 3478
[main] I TableTabTest.class - ( ***** List of rows is created *****
[main] I BaseData.BaseTest.class - ( ***** Window is correctly closed *****
